Arguments: 
  /usr/bin/node /usr/bin/yarn publish

PATH: 
  /home/henrique/bin:/usr/local/bin:/usr/bin:/bin:/usr/local/games:/usr/games:/snap/bin:/usr/local/sbin:/usr/sbin:/sbin

Yarn version: 
  1.22.10

Node version: 
  14.17.2

Platform: 
  linux x64

Trace: 
  Error: https://skimdb.npmjs.com/registry/-/user/org.couchdb.user:henrique-o-developer: unauthorized
      at Request.params.callback [as _callback] (/usr/lib/node_modules/yarn/lib/cli.js:66988:18)
      at Request.self.callback (/usr/lib/node_modules/yarn/lib/cli.js:140662:22)
      at Request.emit (events.js:375:28)
      at Request.<anonymous> (/usr/lib/node_modules/yarn/lib/cli.js:141634:10)
      at Request.emit (events.js:375:28)
      at IncomingMessage.<anonymous> (/usr/lib/node_modules/yarn/lib/cli.js:141556:12)
      at Object.onceWrapper (events.js:481:28)
      at IncomingMessage.emit (events.js:387:35)
      at endReadableNT (internal/streams/readable.js:1317:12)
      at processTicksAndRejections (internal/process/task_queues.js:82:21)

npm manifest: 
  {
    "name": "server-utils-by-henrique-o-developer",
    "version": "1.0.1",
    "description": "",
    "main": "server-utils-by-henrique-o-developer.js",
    "scripts": {
      "test": "echo \"Error: no test specified\"",
      "update-to-git": "git add * && git add . && git commit -m \"new-release\" && git push origin master && np"
    },
    "author": "",
    "license": "ISC",
    "dependencies": {
      "express": "^4.17.1",
      "fs": "0.0.1-security"
    }
  }

yarn manifest: 
  No manifest

Lockfile: 
  No lockfile
